<?xml version="1.0" encoding="UTF-8"?>
<testng-results skipped="0" failed="1" ignored="0" total="4" passed="3">
  <reporter-output>
  </reporter-output>
  <suite name="Suite" duration-ms="59922" started-at="2020-07-20T02:00:38 IST" finished-at="2020-07-20T02:01:37 IST">
    <groups>
    </groups>
    <test name="Test" duration-ms="59922" started-at="2020-07-20T02:00:38 IST" finished-at="2020-07-20T02:01:37 IST">
      <class name="openweatherAPI.CurrentWeatherData">
        <test-method status="PASS" signature="setUp()[pri:0, instance:openweatherAPI.CurrentWeatherData@5e853265]" name="setUp" is-config="true" duration-ms="9994" started-at="2020-07-20T02:00:38 IST" finished-at="2020-07-20T02:00:48 IST">
          <reporter-output>
          </reporter-output>
        </test-method> <!-- setUp -->
        <test-method status="PASS" signature="cityWeather()[pri:0, instance:openweatherAPI.CurrentWeatherData@5e853265]" name="cityWeather" duration-ms="12193" started-at="2020-07-20T02:00:48 IST" finished-at="2020-07-20T02:01:00 IST">
          <reporter-output>
          </reporter-output>
        </test-method> <!-- cityWeather -->
        <test-method status="PASS" signature="tearDown()[pri:0, instance:openweatherAPI.CurrentWeatherData@5e853265]" name="tearDown" is-config="true" duration-ms="698" started-at="2020-07-20T02:01:00 IST" finished-at="2020-07-20T02:01:00 IST">
          <reporter-output>
          </reporter-output>
        </test-method> <!-- tearDown -->
        <test-method status="PASS" signature="setUp()[pri:0, instance:openweatherAPI.CurrentWeatherData@5e853265]" name="setUp" is-config="true" duration-ms="10342" started-at="2020-07-20T02:01:00 IST" finished-at="2020-07-20T02:01:11 IST">
          <reporter-output>
          </reporter-output>
        </test-method> <!-- setUp -->
        <test-method status="FAIL" signature="validateTemp()[pri:0, instance:openweatherAPI.CurrentWeatherData@5e853265]" name="validateTemp" duration-ms="2" started-at="2020-07-20T02:01:11 IST" finished-at="2020-07-20T02:01:11 IST">
          <exception class="java.lang.AssertionError">
            <message>
              <![CDATA[expected [35] but found [0]]]>
            </message>
            <full-stacktrace>
              <![CDATA[java.lang.AssertionError: expected [35] but found [0]
at org.testng.Assert.fail(Assert.java:97)
at org.testng.Assert.assertEqualsImpl(Assert.java:136)
at org.testng.Assert.assertEquals(Assert.java:118)
at org.testng.Assert.assertEquals(Assert.java:839)
at org.testng.Assert.assertEquals(Assert.java:849)
at openweatherAPI.CurrentWeatherData.validateTemp(CurrentWeatherData.java:50)
at sun.reflect.NativeMethodAccessorImpl.invoke0(Native Method)
at sun.reflect.NativeMethodAccessorImpl.invoke(NativeMethodAccessorImpl.java:62)
at sun.reflect.DelegatingMethodAccessorImpl.invoke(DelegatingMethodAccessorImpl.java:43)
at java.lang.reflect.Method.invoke(Method.java:498)
at org.testng.internal.MethodInvocationHelper.invokeMethod(MethodInvocationHelper.java:133)
at org.testng.internal.TestInvoker.invokeMethod(TestInvoker.java:584)
at org.testng.internal.TestInvoker.invokeTestMethod(TestInvoker.java:172)
at org.testng.internal.MethodRunner.runInSequence(MethodRunner.java:46)
at org.testng.internal.TestInvoker$MethodInvocationAgent.invoke(TestInvoker.java:804)
at org.testng.internal.TestInvoker.invokeTestMethods(TestInvoker.java:145)
at org.testng.internal.TestMethodWorker.invokeTestMethods(TestMethodWorker.java:146)
at org.testng.internal.TestMethodWorker.run(TestMethodWorker.java:128)
at java.util.ArrayList.forEach(ArrayList.java:1257)
at org.testng.TestRunner.privateRun(TestRunner.java:770)
at org.testng.TestRunner.run(TestRunner.java:591)
at org.testng.SuiteRunner.runTest(SuiteRunner.java:402)
at org.testng.SuiteRunner.runSequentially(SuiteRunner.java:396)
at org.testng.SuiteRunner.privateRun(SuiteRunner.java:355)
at org.testng.SuiteRunner.run(SuiteRunner.java:304)
at org.testng.SuiteRunnerWorker.runSuite(SuiteRunnerWorker.java:53)
at org.testng.SuiteRunnerWorker.run(SuiteRunnerWorker.java:96)
at org.testng.TestNG.runSuitesSequentially(TestNG.java:1180)
at org.testng.TestNG.runSuitesLocally(TestNG.java:1102)
at org.testng.TestNG.runSuites(TestNG.java:1032)
at org.testng.TestNG.run(TestNG.java:1000)
at org.testng.remote.AbstractRemoteTestNG.run(AbstractRemoteTestNG.java:115)
at org.testng.remote.RemoteTestNG.initAndRun(RemoteTestNG.java:251)
at org.testng.remote.RemoteTestNG.main(RemoteTestNG.java:77)
]]>
            </full-stacktrace>
          </exception> <!-- java.lang.AssertionError -->
          <reporter-output>
          </reporter-output>
        </test-method> <!-- validateTemp -->
        <test-method status="PASS" signature="tearDown()[pri:0, instance:openweatherAPI.CurrentWeatherData@5e853265]" name="tearDown" is-config="true" duration-ms="676" started-at="2020-07-20T02:01:11 IST" finished-at="2020-07-20T02:01:11 IST">
          <reporter-output>
          </reporter-output>
        </test-method> <!-- tearDown -->
        <test-method status="PASS" signature="setUp()[pri:0, instance:openweatherAPI.CurrentWeatherData@5e853265]" name="setUp" is-config="true" duration-ms="9664" started-at="2020-07-20T02:01:11 IST" finished-at="2020-07-20T02:01:21 IST">
          <reporter-output>
          </reporter-output>
        </test-method> <!-- setUp -->
        <test-method status="PASS" signature="validateWithVarianceLogic()[pri:0, instance:openweatherAPI.CurrentWeatherData@5e853265]" name="validateWithVarianceLogic" duration-ms="1" started-at="2020-07-20T02:01:21 IST" finished-at="2020-07-20T02:01:21 IST">
          <reporter-output>
          </reporter-output>
        </test-method> <!-- validateWithVarianceLogic -->
        <test-method status="PASS" signature="tearDown()[pri:0, instance:openweatherAPI.CurrentWeatherData@5e853265]" name="tearDown" is-config="true" duration-ms="671" started-at="2020-07-20T02:01:21 IST" finished-at="2020-07-20T02:01:22 IST">
          <reporter-output>
          </reporter-output>
        </test-method> <!-- tearDown -->
        <test-method status="PASS" signature="setUp()[pri:0, instance:openweatherAPI.CurrentWeatherData@5e853265]" name="setUp" is-config="true" duration-ms="9456" started-at="2020-07-20T02:01:22 IST" finished-at="2020-07-20T02:01:31 IST">
          <reporter-output>
          </reporter-output>
        </test-method> <!-- setUp -->
        <test-method status="PASS" signature="GetCurrentWeatherData()[pri:0, instance:openweatherAPI.CurrentWeatherData@5e853265]" name="GetCurrentWeatherData" duration-ms="5198" started-at="2020-07-20T02:01:31 IST" depends-on-methods="ndtvUI.NDTVWeatherPage.cityWeather" finished-at="2020-07-20T02:01:36 IST">
          <reporter-output>
          </reporter-output>
        </test-method> <!-- GetCurrentWeatherData -->
        <test-method status="PASS" signature="tearDown()[pri:0, instance:openweatherAPI.CurrentWeatherData@5e853265]" name="tearDown" is-config="true" duration-ms="960" started-at="2020-07-20T02:01:36 IST" finished-at="2020-07-20T02:01:37 IST">
          <reporter-output>
          </reporter-output>
        </test-method> <!-- tearDown -->
      </class> <!-- openweatherAPI.CurrentWeatherData -->
    </test> <!-- Test -->
  </suite> <!-- Suite -->
</testng-results>
